  debug.c
f:\github\wcw\dsr-uu-0.2\debug.c(8): fatal error C1083: 无法打开包括文件: “linux/poll.h”: No such file or directory
  dsr-ack.c
f:\github\wcw\dsr-uu-0.2\debug.h(27): fatal error C1083: 无法打开包括文件: “netinet/in.h”: No such file or directory
  dsr-dev.c
f:\github\wcw\dsr-uu-0.2\dsr-dev.c(8): fatal error C1083: 无法打开包括文件: “linux/config.h”: No such file or directory
  dsr-io.c
f:\github\wcw\dsr-uu-0.2\dsr-dev.h(11): fatal error C1083: 无法打开包括文件: “linux/netdevice.h”: No such file or directory
  dsr-module.c
f:\github\wcw\dsr-uu-0.2\dsr-module.c(8): fatal error C1083: 无法打开包括文件: “linux/config.h”: No such file or directory
  dsr-opt.c
f:\github\wcw\dsr-uu-0.2\debug.h(27): fatal error C1083: 无法打开包括文件: “netinet/in.h”: No such file or directory
  dsr-pkt.c
f:\github\wcw\dsr-uu-0.2\debug.h(27): fatal error C1083: 无法打开包括文件: “netinet/in.h”: No such file or directory
  dsr-rerr.c
f:\github\wcw\dsr-uu-0.2\dsr.h(26): fatal error C1083: 无法打开包括文件: “endian.h”: No such file or directory
  dsr-rrep.c
f:\github\wcw\dsr-uu-0.2\dsr.h(26): fatal error C1083: 无法打开包括文件: “endian.h”: No such file or directory
  dsr-rreq.c
f:\github\wcw\dsr-uu-0.2\debug.h(27): fatal error C1083: 无法打开包括文件: “netinet/in.h”: No such file or directory
  dsr-rtc-simple.c
f:\github\wcw\dsr-uu-0.2\dsr-rtc-simple.c(8): fatal error C1083: 无法打开包括文件: “linux/config.h”: No such file or directory
  dsr-srt.c
f:\github\wcw\dsr-uu-0.2\dsr.h(26): fatal error C1083: 无法打开包括文件: “endian.h”: No such file or directory
  endian.c
  link-cache.c
f:\github\wcw\dsr-uu-0.2\dsr.h(26): fatal error C1083: 无法打开包括文件: “endian.h”: No such file or directory
  maint-buf.c
f:\github\wcw\dsr-uu-0.2\dsr.h(26): fatal error C1083: 无法打开包括文件: “endian.h”: No such file or directory
  neigh.c
f:\github\wcw\dsr-uu-0.2\dsr.h(26): fatal error C1083: 无法打开包括文件: “endian.h”: No such file or directory
  send-buf.c
f:\github\wcw\dsr-uu-0.2\dsr.h(26): fatal error C1083: 无法打开包括文件: “endian.h”: No such file or directory
  正在生成代码...
